TN:
SF:/Users/cliffano/dev/workspace/couchtato/lib/cli.js
FN:5,_config
FN:10,_iterate
FN:28,exec
FNF:3
FNH:3
FNDA:1,_config
FNDA:2,_iterate
FNDA:4,exec
DA:1,1
DA:5,1
DA:6,1
DA:7,1
DA:10,1
DA:12,2
DA:22,2
DA:28,1
DA:30,4
DA:37,4
DA:40,1
LF:11
LH:11
BRDA:12,1,0,2
BRDA:12,1,1,1
BRDA:14,2,0,1
BRDA:14,2,1,1
BRDA:15,3,0,1
BRDA:15,3,1,1
BRDA:16,4,0,1
BRDA:16,4,1,1
BRF:8
BRH:8
end_of_record
TN:
SF:/Users/cliffano/dev/workspace/couchtato/lib/couchtato.js
FN:10,Couchtato
FN:18,(anonymous_2)
FN:30,(anonymous_3)
FN:47,_pageCb
FN:58,(anonymous_5)
FN:68,(anonymous_6)
FN:79,_endCb
FN:81,_report
FN:87,(anonymous_9)
FN:101,(anonymous_10)
FN:102,_wait
FNF:11
FNH:11
FNDA:10,Couchtato
FNDA:1,(anonymous_2)
FNDA:6,(anonymous_3)
FNDA:4,_pageCb
FNDA:4,(anonymous_5)
FNDA:3,(anonymous_6)
FNDA:2,_endCb
FNDA:2,_report
FNDA:5,(anonymous_9)
FNDA:1,(anonymous_10)
FNDA:2,_wait
DA:1,1
DA:10,1
DA:18,1
DA:19,1
DA:30,1
DA:32,6
DA:33,6
DA:34,6
DA:35,6
DA:36,6
DA:37,6
DA:39,6
DA:47,1
DA:49,4
DA:50,4
DA:51,3
DA:54,4
DA:55,4
DA:58,4
DA:59,4
DA:60,6
DA:65,4
DA:66,4
DA:67,3
DA:68,3
DA:69,3
DA:70,1
DA:72,2
DA:75,3
DA:79,1
DA:81,1
DA:82,2
DA:83,1
DA:87,1
DA:88,5
DA:89,1
DA:92,1
DA:94,2
DA:97,2
DA:98,2
DA:101,1
DA:102,1
DA:103,2
DA:104,1
DA:106,1
DA:109,1
DA:113,1
DA:117,6
DA:120,1
LF:49
LH:49
BRDA:32,1,0,6
BRDA:32,1,1,3
BRDA:33,2,0,6
BRDA:33,2,1,5
BRDA:34,3,0,6
BRDA:34,3,1,6
BRDA:35,4,0,6
BRDA:35,4,1,6
BRDA:36,5,0,6
BRDA:36,5,1,6
BRDA:37,6,0,6
BRDA:37,6,1,4
BRDA:49,7,0,1
BRDA:49,7,1,3
BRDA:50,8,0,3
BRDA:50,8,1,1
BRDA:51,9,0,1
BRDA:51,9,1,2
BRDA:66,10,0,3
BRDA:66,10,1,1
BRDA:67,11,0,2
BRDA:67,11,1,1
BRDA:69,12,0,1
BRDA:69,12,1,2
BRDA:72,13,0,1
BRDA:72,13,1,1
BRDA:82,14,0,1
BRDA:82,14,1,1
BRDA:88,15,0,1
BRDA:88,15,1,4
BRDA:98,16,0,1
BRDA:98,16,1,1
BRDA:103,17,0,1
BRDA:103,17,1,1
BRF:34
BRH:34
end_of_record
TN:
SF:/Users/cliffano/dev/workspace/couchtato/lib/db.js
FN:12,Db
FN:44,(anonymous_2)
FN:52,_action
FN:69,_actionCb
FN:100,_check
FN:104,_end
FN:117,(anonymous_7)
FN:125,(anonymous_8)
FN:136,(anonymous_9)
FNF:9
FNH:9
FNDA:13,Db
FNDA:4,(anonymous_2)
FNDA:5,_action
FNDA:5,_actionCb
FNDA:8,_check
FNDA:4,_end
FNDA:1,(anonymous_7)
FNDA:1,(anonymous_8)
FNDA:2,(anonymous_9)
DA:1,1
DA:12,1
DA:13,13
DA:15,13
DA:19,13
DA:20,11
DA:22,2
DA:23,2
DA:24,2
DA:27,13
DA:28,13
DA:29,13
DA:44,1
DA:46,4
DA:52,1
DA:55,5
DA:64,5
DA:65,1
DA:66,1
DA:69,1
DA:71,5
DA:72,1
DA:75,4
DA:80,4
DA:81,3
DA:82,3
DA:85,1
DA:86,1
DA:87,1
DA:89,4
DA:93,5
DA:94,1
DA:96,4
DA:100,1
DA:101,8
DA:104,1
DA:105,4
DA:108,4
DA:117,1
DA:119,1
DA:121,1
DA:125,1
DA:126,1
DA:127,1
DA:136,1
DA:137,2
DA:140,1
LF:47
LH:47
BRDA:13,1,0,13
BRDA:13,1,1,8
BRDA:19,2,0,11
BRDA:19,2,1,2
BRDA:28,3,0,13
BRDA:28,3,1,8
BRDA:64,4,0,1
BRDA:64,4,1,4
BRDA:71,5,0,1
BRDA:71,5,1,4
BRDA:80,6,0,3
BRDA:80,6,1,1
BRDA:80,7,0,4
BRDA:80,7,1,3
BRDA:93,8,0,1
BRDA:93,8,1,4
BRF:16
BRH:16
end_of_record
TN:
SF:/Users/cliffano/dev/workspace/couchtato/lib/util.js
FN:11,Util
FN:29,(anonymous_2)
FN:42,(anonymous_3)
FN:51,(anonymous_4)
FN:61,(anonymous_5)
FN:73,(anonymous_6)
FN:82,(anonymous_7)
FN:91,(anonymous_8)
FN:98,(anonymous_9)
FNF:9
FNH:9
FNDA:14,Util
FNDA:19,(anonymous_2)
FNDA:11,(anonymous_3)
FNDA:2,(anonymous_4)
FNDA:1,(anonymous_5)
FNDA:1,(anonymous_6)
FNDA:2,(anonymous_7)
FNDA:5,(anonymous_8)
FNDA:4,(anonymous_9)
DA:1,1
DA:11,1
DA:12,14
DA:13,14
DA:14,14
DA:16,14
DA:17,14
DA:18,14
DA:19,14
DA:29,1
DA:30,19
DA:31,5
DA:33,14
DA:42,1
DA:43,11
DA:51,1
DA:52,2
DA:53,2
DA:61,1
DA:62,1
DA:64,1
DA:65,1
DA:73,1
DA:74,1
DA:82,1
DA:83,2
DA:91,1
DA:92,5
DA:98,1
DA:99,4
DA:102,1
LF:31
LH:31
BRDA:12,1,0,14
BRDA:12,1,1,7
BRDA:13,2,0,14
BRDA:13,2,1,8
BRDA:30,3,0,5
BRDA:30,3,1,14
BRF:6
BRH:6
end_of_record
